e:\mydoc\_scripts\c\blockparser\parser\x64\release\vc143.pdb
e:\mydoc\_scripts\c\blockparser\parser\x64\release\scrypt.obj
e:\mydoc\_scripts\c\blockparser\parser\x64\release\pbkdf2.obj
e:\mydoc\_scripts\c\blockparser\parser\x64\release\rmd160.obj
e:\mydoc\_scripts\c\blockparser\parser\x64\release\parser.obj
e:\mydoc\_scripts\c\blockparser\parser\x64\release\option.obj
e:\mydoc\_scripts\c\blockparser\parser\x64\release\opcodes.obj
e:\mydoc\_scripts\c\blockparser\parser\x64\release\txotypes.obj
e:\mydoc\_scripts\c\blockparser\parser\x64\release\transactions.obj
e:\mydoc\_scripts\c\blockparser\parser\x64\release\taint.obj
e:\mydoc\_scripts\c\blockparser\parser\x64\release\sql.obj
e:\mydoc\_scripts\c\blockparser\parser\x64\release\simplestats.obj
e:\mydoc\_scripts\c\blockparser\parser\x64\release\rewards.obj
e:\mydoc\_scripts\c\blockparser\parser\x64\release\rawdump.obj
e:\mydoc\_scripts\c\blockparser\parser\x64\release\pristine.obj
e:\mydoc\_scripts\c\blockparser\parser\x64\release\help.obj
e:\mydoc\_scripts\c\blockparser\parser\x64\release\headers.obj
e:\mydoc\_scripts\c\blockparser\parser\x64\release\dumptx.obj
e:\mydoc\_scripts\c\blockparser\parser\x64\release\closure.obj
e:\mydoc\_scripts\c\blockparser\parser\x64\release\allbalances.obj
e:\mydoc\_scripts\c\blockparser\parser\x64\release\callback.obj
e:\mydoc\_scripts\c\blockparser\parser\x64\release\sha256_btc.obj
e:\mydoc\_scripts\c\blockparser\parser\x64\release\ripemd160_btc.obj
e:\mydoc\_scripts\c\blockparser\parser\x64\release\timer.obj
e:\mydoc\_scripts\c\blockparser\parser\x64\release\util.obj
e:\mydoc\_scripts\c\blockparser\parser\x64\release\sha256.obj
e:\mydoc\_scripts\c\blockparser\parser\x64\release\skein.obj
e:\mydoc\_scripts\c\blockparser\parser\x64\release\simd.obj
e:\mydoc\_scripts\c\blockparser\parser\x64\release\shavite.obj
e:\mydoc\_scripts\c\blockparser\parser\x64\release\luffa.obj
e:\mydoc\_scripts\c\blockparser\parser\x64\release\keccak.obj
e:\mydoc\_scripts\c\blockparser\parser\x64\release\jh.obj
e:\mydoc\_scripts\c\blockparser\parser\x64\release\groestl.obj
e:\mydoc\_scripts\c\blockparser\parser\x64\release\echo.obj
e:\mydoc\_scripts\c\blockparser\parser\x64\release\cubehash.obj
e:\mydoc\_scripts\c\blockparser\parser\x64\release\bmw.obj
e:\mydoc\_scripts\c\blockparser\parser\x64\release\blake.obj
e:\mydoc\_scripts\c\blockparser\parser\x64\release\aes_helper.obj
e:\mydoc\_scripts\c\blockparser\x64\release\parser.exe
e:\mydoc\_scripts\c\blockparser\x64\release\parser.pdb
e:\mydoc\_scripts\c\blockparser\x64\release\libcrypto-3-x64.dll
e:\mydoc\_scripts\c\blockparser\x64\release\parser.ilk
e:\mydoc\_scripts\c\blockparser\parser\x64\release\parser.tlog\cl.command.1.tlog
e:\mydoc\_scripts\c\blockparser\parser\x64\release\parser.tlog\cl.items.tlog
e:\mydoc\_scripts\c\blockparser\parser\x64\release\parser.tlog\cl.read.1.tlog
e:\mydoc\_scripts\c\blockparser\parser\x64\release\parser.tlog\cl.write.1.tlog
e:\mydoc\_scripts\c\blockparser\parser\x64\release\parser.tlog\link.command.1.tlog
e:\mydoc\_scripts\c\blockparser\parser\x64\release\parser.tlog\link.read.1.tlog
e:\mydoc\_scripts\c\blockparser\parser\x64\release\parser.tlog\link.secondary.1.tlog
e:\mydoc\_scripts\c\blockparser\parser\x64\release\parser.tlog\link.write.1.tlog
e:\mydoc\_scripts\c\blockparser\parser\x64\release\parser.tlog\parser.write.1u.tlog
